c:\users\jiang\desktop\gproject\gproject\debug\vc140.pdb
c:\users\jiang\desktop\gproject\gproject\debug\vc140.idb
c:\users\jiang\desktop\gproject\gproject\debug\main.obj
c:\users\jiang\desktop\gproject\debug\gproject.pdb
c:\users\jiang\desktop\gproject\gproject\debug\gproject.tlog\cl.command.1.tlog
c:\users\jiang\desktop\gproject\gproject\debug\gproject.tlog\cl.read.1.tlog
c:\users\jiang\desktop\gproject\gproject\debug\gproject.tlog\cl.write.1.tlog
c:\users\jiang\desktop\gproject\gproject\debug\gproject.tlog\link-cvtres.read.1.tlog
c:\users\jiang\desktop\gproject\gproject\debug\gproject.tlog\link-cvtres.write.1.tlog
c:\users\jiang\desktop\gproject\gproject\debug\gproject.tlog\link-rc.read.1.tlog
c:\users\jiang\desktop\gproject\gproject\debug\gproject.tlog\link-rc.write.1.tlog
c:\users\jiang\desktop\gproject\gproject\debug\gproject.tlog\link.5348-cvtres.read.1.tlog
c:\users\jiang\desktop\gproject\gproject\debug\gproject.tlog\link.5348-cvtres.write.1.tlog
c:\users\jiang\desktop\gproject\gproject\debug\gproject.tlog\link.5348-rc.read.1.tlog
c:\users\jiang\desktop\gproject\gproject\debug\gproject.tlog\link.5348-rc.write.1.tlog
c:\users\jiang\desktop\gproject\gproject\debug\gproject.tlog\link.5348.read.1.tlog
c:\users\jiang\desktop\gproject\gproject\debug\gproject.tlog\link.5348.write.1.tlog
c:\users\jiang\desktop\gproject\gproject\debug\gproject.tlog\link.command.1.tlog
c:\users\jiang\desktop\gproject\gproject\debug\gproject.tlog\link.read.1.tlog
c:\users\jiang\desktop\gproject\gproject\debug\gproject.tlog\link.write.1.tlog
